<?xml version="1.0" encoding="UTF-8"?>
<!-- Generated by org.testng.reporters.JUnitXMLReporter -->
<testsuite ignored="0" hostname="DESKTOP-B7I2MM8" failures="0" tests="15" name="Default test" time="23.341" errors="0" timestamp="2024-11-22T07:23:56 IST">
  <testcase classname="api.tests.DataDrivenTests" name="testCreateUsers" time="4.392"/>
  <testcase classname="api.tests.DataDrivenTests" name="testCreateUsers" time="1.133"/>
  <testcase classname="api.tests.DataDrivenTests" name="testCreateUsers" time="1.186"/>
  <testcase classname="api.tests.DataDrivenTests" name="testCreateUsers" time="1.17"/>
  <testcase classname="api.tests.DataDrivenTests" name="testCreateUsers" time="1.118"/>
  <testcase classname="api.tests.DataDrivenTests" name="testGetUsers" time="1.384"/>
  <testcase classname="api.tests.DataDrivenTests" name="testGetUsers" time="1.151"/>
  <testcase classname="api.tests.DataDrivenTests" name="testGetUsers" time="1.13"/>
  <testcase classname="api.tests.DataDrivenTests" name="testGetUsers" time="1.155"/>
  <testcase classname="api.tests.DataDrivenTests" name="testGetUsers" time="1.081"/>
  <testcase classname="api.tests.DataDrivenTests" name="testDeleteUsers" time="1.156"/>
  <testcase classname="api.tests.DataDrivenTests" name="testDeleteUsers" time="1.089"/>
  <testcase classname="api.tests.DataDrivenTests" name="testDeleteUsers" time="1.159"/>
  <testcase classname="api.tests.DataDrivenTests" name="testDeleteUsers" time="1.157"/>
  <testcase classname="api.tests.DataDrivenTests" name="testDeleteUsers" time="1.171"/>
</testsuite> <!-- Default test -->
