<?xml version="1.0" encoding="UTF-8"?>
<!-- Generated by org.testng.reporters.JUnitXMLReporter -->
<testsuite ignored="0" hostname="DESKTOP-B7I2MM8" failures="0" tests="15" name="PetTest" time="23.228" errors="0" timestamp="2024-11-22T07:23:13 IST">
  <testcase classname="api.tests.DataDrivenTests" name="testCreateUsers" time="4.035"/>
  <testcase classname="api.tests.DataDrivenTests" name="testCreateUsers" time="1.186"/>
  <testcase classname="api.tests.DataDrivenTests" name="testCreateUsers" time="1.153"/>
  <testcase classname="api.tests.DataDrivenTests" name="testCreateUsers" time="1.156"/>
  <testcase classname="api.tests.DataDrivenTests" name="testCreateUsers" time="1.121"/>
  <testcase classname="api.tests.DataDrivenTests" name="testGetUsers" time="1.737"/>
  <testcase classname="api.tests.DataDrivenTests" name="testGetUsers" time="1.147"/>
  <testcase classname="api.tests.DataDrivenTests" name="testGetUsers" time="1.163"/>
  <testcase classname="api.tests.DataDrivenTests" name="testGetUsers" time="1.16"/>
  <testcase classname="api.tests.DataDrivenTests" name="testGetUsers" time="1.116"/>
  <testcase classname="api.tests.DataDrivenTests" name="testDeleteUsers" time="1.149"/>
  <testcase classname="api.tests.DataDrivenTests" name="testDeleteUsers" time="1.178"/>
  <testcase classname="api.tests.DataDrivenTests" name="testDeleteUsers" time="1.11"/>
  <testcase classname="api.tests.DataDrivenTests" name="testDeleteUsers" time="1.097"/>
  <testcase classname="api.tests.DataDrivenTests" name="testDeleteUsers" time="1.141"/>
</testsuite> <!-- PetTest -->
